09/12/2021 13:19:07 AtuArqASerMostrado
09/12/2021 13:19:18 Carregado = False
09/12/2021 13:19:21 AtuArqASerMostrado
09/12/2021 13:19:21 Carregado = False
09/12/2021 13:21:32 
09/12/2021 13:21:32 INICIO
09/12/2021 13:21:32 AtuArqASerMostrado
09/12/2021 13:21:32 Carregado = False
09/12/2021 13:21:32 AtuArqASerMostrado
09/12/2021 13:21:32 Carregado = False
09/12/2021 13:22:54 
09/12/2021 13:22:54 INICIO
09/12/2021 13:22:54 AtuArqASerMostrado
09/12/2021 13:22:54 Carregado = False
09/12/2021 13:22:54 SUbAtual INTRAnet
09/12/2021 13:22:54 AtuArqASerMostrado
09/12/2021 13:22:54 Carregado = False
13/12/2021 22:29:32 
13/12/2021 22:29:32 INICIO
13/12/2021 22:30:59 
13/12/2021 22:30:59 INICIO
13/12/2021 22:30:59 AtuArqASerMostrado
13/12/2021 22:30:59 Carregado = False
13/12/2021 22:30:59 SUbAtual = INTRAnet
13/12/2021 23:00:13 
13/12/2021 23:00:13 INICIO
13/12/2021 23:00:13 AtuArqASerMostrado
13/12/2021 23:00:13 Carregado = False
13/12/2021 23:00:13 SUbAtual = INTRAnet
13/12/2021 23:01:50 
13/12/2021 23:01:50 INICIO
13/12/2021 23:01:50 AtuArqASerMostrado
13/12/2021 23:01:50 Carregado = False
13/12/2021 23:01:50 SUbAtual = INTRAnet
13/12/2021 23:01:50 AtuArqASerMostrado
13/12/2021 23:01:50 Carregado = False
13/12/2021 23:01:56 AtuArqASerMostrado
13/12/2021 23:01:56 Carregado = True
13/12/2021 23:01:56 cbArquivos.Text = 13/12/2021
13/12/2021 23:01:56 cbArquivos.Text = 13/12/2021
13/12/2021 23:02:00 Lendo do Ini a quantidade de SubAtividades da Atividade CargasPerigosas
13/12/2021 23:02:00 QtdSub = 2
13/12/2021 23:02:00 SUbAtual = INTRAnet
13/12/2021 23:03:02 
13/12/2021 23:03:02 INICIO
13/12/2021 23:03:02 AtuArqASerMostrado
13/12/2021 23:03:02 Carregado = False
13/12/2021 23:03:02 SUbAtual = INTRAnet
13/12/2021 23:03:02 AtuArqASerMostrado
13/12/2021 23:03:02 Carregado = False
13/12/2021 23:03:08 AtuArqASerMostrado
13/12/2021 23:03:08 Carregado = True
13/12/2021 23:03:08 cbArquivos.Text = 13/12/2021
13/12/2021 23:03:08 cbArquivos.Text = 13/12/2021
13/12/2021 23:03:08 Lendo do Ini a quantidade de SubAtividades da Atividade CargasPerigosas
13/12/2021 23:03:08 QtdSub = 2
13/12/2021 23:03:08 SUbAtual = INTRAnet
13/12/2021 23:03:40 AtuArqASerMostrado
13/12/2021 23:03:40 Carregado = True
13/12/2021 23:03:40 cbArquivos.Text = 13/12/2021
13/12/2021 23:03:40 cbArquivos.Text = 13/12/2021
13/12/2021 23:03:40 Lendo do Ini a quantidade de SubAtividades da Atividade CargasPerigosas
13/12/2021 23:03:40 QtdSub = 2
13/12/2021 23:03:40 SUbAtual = INTRAnet
13/12/2021 23:03:43 AtuArqASerMostrado
13/12/2021 23:03:43 Carregado = True
13/12/2021 23:03:43 cbArquivos.Text = 13/12/2021
13/12/2021 23:03:43 cbArquivos.Text = 13/12/2021
13/12/2021 23:03:43 Lendo do Ini a quantidade de SubAtividades da Atividade Agenda
13/12/2021 23:03:43 QtdSub = 0
13/12/2021 23:03:47 AtuArqASerMostrado
13/12/2021 23:03:47 Carregado = True
13/12/2021 23:03:47 cbArquivos.Text = 13/12/2021
13/12/2021 23:03:47 cbArquivos.Text = 13/12/2021
13/12/2021 23:03:47 Lendo do Ini a quantidade de SubAtividades da Atividade Agenda
13/12/2021 23:03:47 QtdSub = 0
13/12/2021 23:03:48 SUbAtual = GERAL
13/12/2021 23:03:49 AtuArqASerMostrado
13/12/2021 23:03:49 Carregado = True
13/12/2021 23:03:49 cbArquivos.Text = 13/12/2021
13/12/2021 23:03:49 cbArquivos.Text = 13/12/2021
13/12/2021 23:03:49 Lendo do Ini a quantidade de SubAtividades da Atividade AjustesGerais
13/12/2021 23:03:49 QtdSub = 3
13/12/2021 23:03:49 SUbAtual = GERAL
13/12/2021 23:03:54 AtuArqASerMostrado
13/12/2021 23:03:54 Carregado = True
13/12/2021 23:03:54 cbArquivos.Text = 13/12/2021
13/12/2021 23:03:54 cbArquivos.Text = 13/12/2021
13/12/2021 23:03:54 Lendo do Ini a quantidade de SubAtividades da Atividade AjustesGerais
13/12/2021 23:03:54 QtdSub = 3
13/12/2021 23:03:54 SUbAtual = GERAL
13/12/2021 23:14:21 
13/12/2021 23:14:21 INICIO
13/12/2021 23:14:21 AtuArqASerMostrado
13/12/2021 23:14:21 Carregado = False
13/12/2021 23:14:21 SUbAtual = GERAL
13/12/2021 23:14:21 AtuArqASerMostrado
13/12/2021 23:14:21 Carregado = False
13/12/2021 23:18:14 AtuArqASerMostrado
13/12/2021 23:18:14 Carregado = True
13/12/2021 23:18:14 cbArquivos.Text = 13/12/2021
13/12/2021 23:18:14 cbArquivos.Text = 13/12/2021
13/12/2021 23:18:14 Lendo do Ini a quantidade de SubAtividades da Atividade Audiências
13/12/2021 23:18:14 QtdSub = 0
13/12/2021 23:18:19 SUbAtual = INTRAnet
13/12/2021 23:18:19 AtuArqASerMostrado
13/12/2021 23:18:19 Carregado = True
13/12/2021 23:18:19 cbArquivos.Text = 13/12/2021
13/12/2021 23:18:19 cbArquivos.Text = 13/12/2021
13/12/2021 23:18:19 Lendo do Ini a quantidade de SubAtividades da Atividade CargasPerigosas
13/12/2021 23:18:19 QtdSub = 2
13/12/2021 23:18:19 SUbAtual = INTRAnet
13/12/2021 23:18:27 SUbAtual = INTRAnet
13/12/2021 23:18:39 AtuArqASerMostrado
13/12/2021 23:18:39 Carregado = True
13/12/2021 23:18:39 cbArquivos.Text = 13/12/2021
13/12/2021 23:18:39 cbArquivos.Text = 13/12/2021
13/12/2021 23:18:39 Lendo do Ini a quantidade de SubAtividades da Atividade CORH
13/12/2021 23:18:39 QtdSub = 0
13/12/2021 23:20:23 AtuArqASerMostrado
13/12/2021 23:20:23 Carregado = True
13/12/2021 23:20:23 cbArquivos.Text = 13/12/2021
13/12/2021 23:20:23 cbArquivos.Text = 13/12/2021
13/12/2021 23:20:23 Lendo do Ini a quantidade de SubAtividades da Atividade CORH
13/12/2021 23:20:23 QtdSub = 0
13/12/2021 23:37:36 
13/12/2021 23:37:36 INICIO
13/12/2021 23:37:36 AtuArqASerMostrado
13/12/2021 23:37:36 Carregado = False
13/12/2021 23:37:36 AtuArqASerMostrado
13/12/2021 23:37:36 Carregado = False
13/12/2021 23:37:56 AtuArqASerMostrado
13/12/2021 23:37:56 Carregado = True
13/12/2021 23:37:56 cbArquivos.Text = 13/12/2021
13/12/2021 23:37:56 cbArquivos.Text = 13/12/2021
13/12/2021 23:37:56 Lendo do Ini a quantidade de SubAtividades da Atividade CORH
13/12/2021 23:37:56 QtdSub = 0
13/12/2021 23:39:58 
13/12/2021 23:39:58 INICIO
13/12/2021 23:39:58 AtuArqASerMostrado
13/12/2021 23:39:58 Carregado = False
13/12/2021 23:39:58 AtuArqASerMostrado
13/12/2021 23:39:58 Carregado = False
13/12/2021 23:40:02 AtuArqASerMostrado
13/12/2021 23:40:02 Carregado = True
13/12/2021 23:40:02 cbArquivos.Text = 13/12/2021
13/12/2021 23:40:02 cbArquivos.Text = 13/12/2021
13/12/2021 23:40:02 Lendo do Ini a quantidade de SubAtividades da Atividade CORH
13/12/2021 23:40:02 QtdSub = 0
13/12/2021 23:44:03 
13/12/2021 23:44:03 INICIO
13/12/2021 23:44:03 AtuArqASerMostrado
13/12/2021 23:44:03 Carregado = False
13/12/2021 23:44:03 AtuArqASerMostrado
13/12/2021 23:44:03 Carregado = False
13/12/2021 23:44:11 AtuArqASerMostrado
13/12/2021 23:44:11 Carregado = True
13/12/2021 23:44:11 cbArquivos.Text = 13/12/2021
13/12/2021 23:44:11 cbArquivos.Text = 13/12/2021
13/12/2021 23:44:11 Lendo do Ini a quantidade de SubAtividades da Atividade CORH
13/12/2021 23:44:11 QtdSub = 0
13/12/2021 23:57:37 
13/12/2021 23:57:37 INICIO
13/12/2021 23:57:37 AtuArqASerMostrado
13/12/2021 23:57:37 Carregado = False
13/12/2021 23:57:37 AtuArqASerMostrado
13/12/2021 23:57:37 Carregado = False
13/12/2021 23:57:41 Permissões
13/12/2021 23:57:41 Permissões^29-06-2021.txt
13/12/2021 23:57:41 CORH
13/12/2021 23:57:41 CORH^13-12-2021.txt
13/12/2021 23:57:41 AtuArqASerMostrado
13/12/2021 23:57:41 Carregado = True
13/12/2021 23:57:41 cbArquivos.Text = 13/12/2021
13/12/2021 23:57:41 cbArquivos.Text = 13/12/2021
13/12/2021 23:57:41 Lendo do Ini a quantidade de SubAtividades da Atividade CORH
13/12/2021 23:57:41 QtdSub = 0
13/12/2021 23:57:41 AjustesGerais
13/12/2021 23:57:41 AjustesGerais^13-12-2021.txt
13/12/2021 23:57:41     Institucional
13/12/2021 23:57:41     Agendamento
13/12/2021 23:57:41 Sinaflor
13/12/2021 23:57:41 Pasta Vazia
13/12/2021 23:57:41 CargasPerigosas
13/12/2021 23:57:41 Licenciamento^16-08-2021.txt
13/12/2021 23:57:41     INTRAnet
13/12/2021 23:57:41 Audiências
13/12/2021 23:57:41 Licenciamento^17-08-2021.txt
13/12/2021 23:57:41 Licenciamento
13/12/2021 23:57:41 Licenciamento^30-07-2021.txt
13/12/2021 23:57:41     Frota
13/12/2021 23:57:41     Empreendedor
13/12/2021 23:57:41     CTE
13/12/2021 23:57:41 SisAuto
13/12/2021 23:57:41 SisAuto^29-07-2021.txt
13/12/2021 23:57:41 Irrigação
13/12/2021 23:57:41 Irrigação^18-10-2021.txt
13/12/2021 23:57:41 PCNovo
13/12/2021 23:57:41 PCNovo^30-09-2021.txt
13/12/2021 23:57:41 Ws_Procergs
13/12/2021 23:57:41 Ws_Procergs^23-11-2021.txt
13/12/2021 23:57:41 Dia a dia
13/12/2021 23:57:41 Dia a dia^30-11-2021.txt
13/12/2021 23:57:41 Intranet
13/12/2021 23:57:41 Intranet^03-12-2021.txt
13/12/2021 23:57:41     Sigecors
13/12/2021 23:57:41 e-Carta
13/12/2021 23:57:41 e-Carta^22-11-2021.txt
13/12/2021 23:57:41 S3I
13/12/2021 23:57:41 S3I^26-11-2021.txt
13/12/2021 23:57:41 Agenda
13/12/2021 23:57:41 Agenda^06-12-2021.txt
13/12/2021 23:57:49 SUbAtual = EXTRAnet
13/12/2021 23:57:49 AtuArqASerMostrado
13/12/2021 23:57:49 Carregado = True
13/12/2021 23:57:49 cbArquivos.Text = 13/12/2021
13/12/2021 23:57:49 cbArquivos.Text = 13/12/2021
13/12/2021 23:57:49 Lendo do Ini a quantidade de SubAtividades da Atividade CargasPerigosas
13/12/2021 23:57:49 QtdSub = 2
13/12/2021 23:57:49 SUbAtual = EXTRAnet
